{
  "RSpec": {
    "coverage": {
      "/home/kiloreux/Desktop/Projects/BloodBank/spec/controllers/donor_controller_spec.rb": [
        1,
        null,
        1,
        null,
        null,
        null,
        null
      ],
      "/home/kiloreux/Desktop/Projects/BloodBank/spec/rails_helper.rb": [
        null,
        1,
        1,
        null,
        1,
        1,
        1,
        null,
        null,
        null,
        null,
        null,
        null,
        null,
        null,
        null,
        null,
        null,
        null,
        null,
        null,
        null,
        null,
        null,
        null,
        null,
        1,
        null,
        1,
        null,
        1,
        null,
        null,
        null,
        null,
        1,
        null,
        null,
        null,
        null,
        null,
        null,
        null,
        null,
        null,
        null,
        null,
        null,
        null,
        null,
        1,
        null
      ],
      "/home/kiloreux/Desktop/Projects/BloodBank/config/environment.rb": [
        null,
        1,
        null,
        null,
        1
      ],
      "/home/kiloreux/Desktop/Projects/BloodBank/config/application.rb": [
        1,
        null,
        1,
        null,
        null,
        null,
        1,
        null,
        1,
        1,
        null,
        null,
        null,
        null,
        null,
        null,
        null,
        null,
        null,
        null,
        null,
        null,
        null,
        1,
        1,
        null,
        null,
        null,
        null,
        null,
        null,
        1,
        null,
        1,
        null,
        null
      ],
      "/home/kiloreux/Desktop/Projects/BloodBank/config/boot.rb": [
        1,
        null,
        1
      ],
      "/home/kiloreux/Desktop/Projects/BloodBank/config/environments/test.rb": [
        1,
        null,
        null,
        null,
        null,
        null,
        null,
        1,
        null,
        null,
        null,
        null,
        1,
        null,
        null,
        1,
        1,
        null,
        null,
        1,
        1,
        null,
        null,
        1,
        null,
        null,
        1,
        null,
        null,
        null,
        null,
        1,
        null,
        null,
        1,
        null,
        null,
        1,
        null,
        null,
        null,
        null
      ],
      "/home/kiloreux/Desktop/Projects/BloodBank/config/initializers/assets.rb": [
        null,
        null,
        null,
        1,
        null,
        null,
        null,
        null,
        null,
        null,
        null,
        1
      ],
      "/home/kiloreux/Desktop/Projects/BloodBank/config/initializers/backtrace_silencers.rb": [
        null,
        null,
        null,
        null,
        null,
        null,
        null
      ],
      "/home/kiloreux/Desktop/Projects/BloodBank/config/initializers/cookies_serializer.rb": [
        null,
        null,
        1
      ],
      "/home/kiloreux/Desktop/Projects/BloodBank/config/initializers/filter_parameter_logging.rb": [
        null,
        null,
        null,
        1
      ],
      "/home/kiloreux/Desktop/Projects/BloodBank/config/initializers/inflections.rb": [
        null,
        null,
        null,
        null,
        null,
        null,
        null,
        null,
        null,
        null,
        null,
        null,
        null,
        null,
        null,
        null
      ],
      "/home/kiloreux/Desktop/Projects/BloodBank/config/initializers/mime_types.rb": [
        null,
        null,
        null,
        null
      ],
      "/home/kiloreux/Desktop/Projects/BloodBank/config/initializers/session_store.rb": [
        null,
        null,
        1
      ],
      "/home/kiloreux/Desktop/Projects/BloodBank/config/initializers/wrap_parameters.rb": [
        null,
        null,
        null,
        null,
        null,
        null,
        1,
        1,
        null,
        null,
        null,
        null,
        null,
        null
      ],
      "/home/kiloreux/Desktop/Projects/BloodBank/spec/factories/donors.rb": [
        1,
        1,
        5,
        6,
        5,
        5,
        1,
        null,
        null,
        null
      ],
      "/home/kiloreux/Desktop/Projects/BloodBank/config/routes.rb": [
        1,
        1,
        1,
        1,
        null,
        null,
        null,
        null,
        null,
        null,
        null,
        null,
        null,
        null,
        null,
        null,
        null,
        null,
        null,
        null,
        null,
        null,
        null,
        null,
        null,
        null,
        null,
        null,
        null,
        null,
        null,
        null,
        null,
        null,
        null,
        null,
        null,
        null,
        null,
        null,
        null,
        null,
        null,
        null,
        null,
        null,
        null,
        null,
        null,
        null,
        null,
        null,
        null,
        null,
        null,
        null,
        null,
        null,
        null
      ],
      "/home/kiloreux/Desktop/Projects/BloodBank/app/helpers/application_helper.rb": [
        1,
        null
      ],
      "/home/kiloreux/Desktop/Projects/BloodBank/app/helpers/donors_helper.rb": [
        1,
        null
      ],
      "/home/kiloreux/Desktop/Projects/BloodBank/app/helpers/home_helper.rb": [
        1,
        null
      ],
      "/home/kiloreux/Desktop/Projects/BloodBank/app/controllers/donors_controller.rb": [
        1,
        1,
        0,
        null,
        null,
        1,
        0,
        0,
        0,
        0,
        null,
        0,
        0,
        null,
        0,
        0,
        null,
        null,
        null,
        null,
        1,
        0,
        0,
        0,
        null,
        null,
        null,
        1,
        null,
        1,
        0,
        null,
        null
      ],
      "/home/kiloreux/Desktop/Projects/BloodBank/app/controllers/application_controller.rb": [
        1,
        null,
        null,
        1,
        null
      ],
      "/home/kiloreux/Desktop/Projects/BloodBank/spec/controllers/home_controller_spec.rb": [
        1,
        null,
        1,
        1,
        1,
        1,
        null,
        null,
        null
      ],
      "/home/kiloreux/Desktop/Projects/BloodBank/app/controllers/home_controller.rb": [
        1,
        1,
        1,
        1,
        0,
        0,
        null,
        null,
        null
      ],
      "/home/kiloreux/Desktop/Projects/BloodBank/spec/models/donor_spec.rb": [
        1,
        null,
        1,
        null,
        1,
        1,
        null,
        null,
        1,
        1,
        null,
        null,
        1,
        1,
        null,
        null,
        1,
        1,
        null,
        null,
        1,
        1,
        null,
        null,
        null
      ],
      "/home/kiloreux/Desktop/Projects/BloodBank/app/models/donor.rb": [
        1,
        null,
        null,
        1,
        1,
        1,
        1,
        1,
        null,
        1,
        0,
        null,
        null
      ]
    },
    "timestamp": 1444249674
  }
}
